<?xml version="1.0" encoding="UTF-8"?><testsuite errors="2" failures="2" name="org.icrc.fadapplic.IRIS.FAD.AccountsPayable.ManageBankAccount" skipped="0" tests="5" time="285.82" timestamp="2024-01-25 06:09:59"><testcase classname="org.icrc.fadapplic.IRIS.FAD.AccountsPayable.ManageBankAccount" name="Add a bank account"><error message="no such element: Unable to locate element: {&quot;method&quot;:&quot;xpath&quot;,&quot;selector&quot;:&quot;/html/body/div[1]/div/div[3]/div/div/div[2]/div[1]/div[2]/div[2]/div/div[6]/div/button/div/div/span | /html/body/div[1]/div/div[3]/div[2]/div/div/div[2]/div/div[1]/div[2]/div[2]/div/div[2]/div/button/div/div/span&quot;}&#10;  (Session info: headless chrome=120.0.6099.227)&#10;For documentation on this error, please visit: https://www.seleniumhq.org/exceptions/no_such_element.html&#10;Build info: version: '3.141.59', revision: 'e82be7d358', time: '2018-11-14T08:17:03'&#10;System info: host: 'PCS13943', ip: '192.168.68.122', os.name: 'Windows 10', os.arch: 'amd64', os.version: '10.0', java.version: '11.0.11'&#10;Driver info: org.openqa.selenium.chrome.ChromeDriver&#10;Capabilities {acceptInsecureCerts: false, browserName: chrome, browserVersion: 120.0.6099.227, chrome: {chromedriverVersion: 119.0.6045.105 (38c72552c5e..., userDataDir: C:\Users\A884502\AppData\Lo...}, fedcm:accounts: true, goog:chromeOptions: {debuggerAddress: localhost:54553}, javascriptEnabled: true, networkConnectionEnabled: false, pageLoadStrategy: normal, platform: WINDOWS, platformName: WINDOWS, proxy: Proxy(), setWindowRect: true, strictFileInteractability: false, timeouts: {implicit: 0, pageLoad: 300000, script: 30000}, unhandledPromptBehavior: dismiss and notify, webauthn:extension:credBlob: true, webauthn:extension:largeBlob: true, webauthn:extension:minPinLength: true, webauthn:extension:prf: true, webauthn:virtualAuthenticators: true}&#10;Session ID: fb951761fb66107356e65690f11f22c0&#10;*** Element info: {Using=xpath, value=/html/body/div[1]/div/div[3]/div/div/div[2]/div[1]/div[2]/div[2]/div/div[6]/div/button/div/div/span | /html/body/div[1]/div/div[3]/div[2]/div/div/div[2]/div/div[1]/div[2]/div[2]/div/div[2]/div/button/div/div/span}" type="org.openqa.selenium.NoSuchElementException">no such element: Unable to locate element: {"method":"xpath","selector":"/html/body/div[1]/div/div[3]/div/div/div[2]/div[1]/div[2]/div[2]/div/div[6]/div/button/div/div/span | /html/body/div[1]/div/div[3]/div[2]/div/div/div[2]/div/div[1]/div[2]/div[2]/div/div[2]/div/button/div/div/span"}
  (Session info: headless chrome=120.0.6099.227)
For documentation on this error, please visit: https://www.seleniumhq.org/exceptions/no_such_element.html
Build info: version: '3.141.59', revision: 'e82be7d358', time: '2018-11-14T08:17:03'
System info: host: 'PCS13943', ip: '192.168.68.122', os.name: 'Windows 10', os.arch: 'amd64', os.version: '10.0', java.version: '11.0.11'
Driver info: org.openqa.selenium.chrome.ChromeDriver
Capabilities {acceptInsecureCerts: false, browserName: chrome, browserVersion: 120.0.6099.227, chrome: {chromedriverVersion: 119.0.6045.105 (38c72552c5e..., userDataDir: C:\Users\A884502\AppData\Lo...}, fedcm:accounts: true, goog:chromeOptions: {debuggerAddress: localhost:54553}, javascriptEnabled: true, networkConnectionEnabled: false, pageLoadStrategy: normal, platform: WINDOWS, platformName: WINDOWS, proxy: Proxy(), setWindowRect: true, strictFileInteractability: false, timeouts: {implicit: 0, pageLoad: 300000, script: 30000}, unhandledPromptBehavior: dismiss and notify, webauthn:extension:credBlob: true, webauthn:extension:largeBlob: true, webauthn:extension:minPinLength: true, webauthn:extension:prf: true, webauthn:virtualAuthenticators: true}
Session ID: fb951761fb66107356e65690f11f22c0
*** Element info: {Using=xpath, value=/html/body/div[1]/div/div[3]/div/div/div[2]/div[1]/div[2]/div[2]/div/div[6]/div/button/div/div/span | /html/body/div[1]/div/div[3]/div[2]/div/div/div[2]/div/div[1]/div[2]/div[2]/div/div[2]/div/button/div/div/span}</error><system-err>no such element: Unable to locate element: {"method":"xpath","selector":"/html/body/div[1]/div/div[3]/div/div/div[2]/div[1]/div[2]/div[2]/div/div[6]/div/button/div/div/span | /html/body/div[1]/div/div[3]/div[2]/div/div/div[2]/div/div[1]/div[2]/div[2]/div/div[2]/div/button/div/div/span"}
  (Session info: headless chrome=120.0.6099.227)
For documentation on this error, please visit: https://www.seleniumhq.org/exceptions/no_such_element.html
Build info: version: '3.141.59', revision: 'e82be7d358', time: '2018-11-14T08:17:03'
System info: host: 'PCS13943', ip: '192.168.68.122', os.name: 'Windows 10', os.arch: 'amd64', os.version: '10.0', java.version: '11.0.11'
Driver info: org.openqa.selenium.chrome.ChromeDriver
Capabilities {acceptInsecureCerts: false, browserName: chrome, browserVersion: 120.0.6099.227, chrome: {chromedriverVersion: 119.0.6045.105 (38c72552c5e..., userDataDir: C:\Users\A884502\AppData\Lo...}, fedcm:accounts: true, goog:chromeOptions: {debuggerAddress: localhost:54553}, javascriptEnabled: true, networkConnectionEnabled: false, pageLoadStrategy: normal, platform: WINDOWS, platformName: WINDOWS, proxy: Proxy(), setWindowRect: true, strictFileInteractability: false, timeouts: {implicit: 0, pageLoad: 300000, script: 30000}, unhandledPromptBehavior: dismiss and notify, webauthn:extension:credBlob: true, webauthn:extension:largeBlob: true, webauthn:extension:minPinLength: true, webauthn:extension:prf: true, webauthn:virtualAuthenticators: true}
Session ID: fb951761fb66107356e65690f11f22c0
*** Element info: {Using=xpath, value=/html/body/div[1]/div/div[3]/div/div/div[2]/div[1]/div[2]/div[2]/div/div[6]/div/button/div/div/span | /html/body/div[1]/div/div[3]/div[2]/div/div/div[2]/div/div[1]/div[2]/div[2]/div/div[2]/div/button/div/div/span}&#13;
pageobjects.IRIS.FAD.GenericPage.scrollIntoView(GenericPage.java:315)&#13;
pageobjects.IRIS.FAD.GenericPage.clickElement(GenericPage.java:197)&#13;
pageobjects.IRIS.FAD.FADGenericPage.clickOnAccordionContinueBtn(FADGenericPage.java:426)&#13;
steps.IRIS.FAD.ManageBankAccountSteps.when_I_click_accordion_Continue_button(ManageBankAccountSteps.java:114)&#13;
org.icrc.fadapplic.IRIS.FAD.AccountsPayable.ManageBankAccount.addABankAccount(ManageBankAccount.java:395)&#13;
</system-err></testcase><testcase classname="org.icrc.fadapplic.IRIS.FAD.AccountsPayable.ManageBankAccount" name="Edit a bank account"><error message="Expected condition failed: waiting for visibility of element located by By.xpath: //div[@class = 'sidebar-menu-container'] (tried for 10 second(s) with 100 milliseconds interval)" type="org.openqa.selenium.TimeoutException">Expected condition failed: waiting for visibility of element located by By.xpath: //div[@class = 'sidebar-menu-container'] (tried for 10 second(s) with 100 milliseconds interval)</error><system-err>Expected condition failed: waiting for visibility of element located by By.xpath: //div[@class = 'sidebar-menu-container'] (tried for 10 second(s) with 100 milliseconds interval)&#13;
utils.ExplicitWait.explicitlyWaitForVisibilityOfElement(ExplicitWait.java:30)&#13;
pageobjects.IRIS.FAD.FADSidebarPage.clickSidebarMenu(FADSidebarPage.java:9)&#13;
pageobjects.IRIS.FAD.FADSidebarPage.openSidebarMenu(FADSidebarPage.java:14)&#13;
steps.IRIS.FAD.FADGenericSteps.when_I_open_page_from_sidebar_menu(FADGenericSteps.java:25)&#13;
steps.IRIS.FAD.ManageBankAccountSteps.given_that_Im_logged_into_Manage_Bank_Account_page(ManageBankAccountSteps.java:18)&#13;
org.icrc.fadapplic.IRIS.FAD.AccountsPayable.ManageBankAccount.editABankAccount(ManageBankAccount.java:307)&#13;
</system-err></testcase><testcase classname="org.icrc.fadapplic.IRIS.FAD.AccountsPayable.ManageBankAccount" name="Search a bank account"><failure type="java.lang.AssertionError"/><system-err>null&#13;
steps.IRIS.FAD.ManageBankAccountSteps.then_a_search_result_should_show_up_containing_supplier(ManageBankAccountSteps.java:44)&#13;
org.icrc.fadapplic.IRIS.FAD.AccountsPayable.ManageBankAccount.searchABankAccount(ManageBankAccount.java:279)&#13;
</system-err></testcase><testcase classname="org.icrc.fadapplic.IRIS.FAD.AccountsPayable.ManageBankAccount" name="Activate a bank account"/><testcase classname="org.icrc.fadapplic.IRIS.FAD.AccountsPayable.ManageBankAccount" name="Manage bank account using GVAGL bank account"><failure type="java.lang.AssertionError"/><system-err>null&#13;
steps.IRIS.FAD.ManageBankAccountSteps.then_the_Add_Bank_Account_form_should_show_up(ManageBankAccountSteps.java:54)&#13;
org.icrc.fadapplic.IRIS.FAD.AccountsPayable.ManageBankAccount.manageBankAccountUsingGVAGLBankAccount(ManageBankAccount.java:78)&#13;
</system-err></testcase></testsuite>