<?xml version="1.0" encoding="UTF-8"?><testsuite errors="2" failures="0" name="org.icrc.fadapplic.IRIS.FAD.GeneralLedger.GeneralLedgerEntries" skipped="0" tests="2" time="170.24" timestamp="2023-11-23 05:13:18"><testcase classname="org.icrc.fadapplic.IRIS.FAD.GeneralLedger.GeneralLedgerEntries" name="Create general ledger entry using sustainability accounts"><error message="Expected condition failed: waiting for visibility of all elements located by By.xpath:   //div//table[contains(@class,'table')]//tbody//tr[contains(@class, 'table')][1]//td[2]//div[@class='form-item']//div[contains(@class, 'Select-option')] (tried for 120 second(s) with 100 milliseconds interval)&#10;Build info: version: '3.141.59', revision: 'e82be7d358', time: '2018-11-14T08:17:03'&#10;System info: host: 'PCS15848', ip: '192.168.55.102', os.name: 'Windows 10', os.arch: 'amd64', os.version: '10.0', java.version: '1.8.0_392'&#10;Driver info: net.thucydides.core.webdriver.WebDriverFacade" type="org.openqa.selenium.TimeoutException">Expected condition failed: waiting for visibility of all elements located by By.xpath:   //div//table[contains(@class,'table')]//tbody//tr[contains(@class, 'table')][1]//td[2]//div[@class='form-item']//div[contains(@class, 'Select-option')] (tried for 120 second(s) with 100 milliseconds interval)
Build info: version: '3.141.59', revision: 'e82be7d358', time: '2018-11-14T08:17:03'
System info: host: 'PCS15848', ip: '192.168.55.102', os.name: 'Windows 10', os.arch: 'amd64', os.version: '10.0', java.version: '1.8.0_392'
Driver info: net.thucydides.core.webdriver.WebDriverFacade</error><system-err>Expected condition failed: waiting for visibility of all elements located by By.xpath:   //div//table[contains(@class,'table')]//tbody//tr[contains(@class, 'table')][1]//td[2]//div[@class='form-item']//div[contains(@class, 'Select-option')] (tried for 120 second(s) with 100 milliseconds interval)
Build info: version: '3.141.59', revision: 'e82be7d358', time: '2018-11-14T08:17:03'
System info: host: 'PCS15848', ip: '192.168.55.102', os.name: 'Windows 10', os.arch: 'amd64', os.version: '10.0', java.version: '1.8.0_392'
Driver info: net.thucydides.core.webdriver.WebDriverFacade&#13;
utils.ExplicitWait.explicitlyWaitForVisibilityOfAllElements(ExplicitWait.java:94)&#13;
pageobjects.IRIS.FAD.FADGenericPage.selectDropdownOption(FADGenericPage.java:80)&#13;
pageobjects.IRIS.FAD.FADGenericPage.selectDropdownOption(FADGenericPage.java:116)&#13;
pageobjects.IRIS.FAD.FADGenericPage.typeAndSelectDropdownOption(FADGenericPage.java:141)&#13;
pageobjects.IRIS.FAD.FADGenericPage.setDropDownValueFromTable(FADGenericPage.java:316)&#13;
pageobjects.IRIS.FAD.FADGenericPage.setDropDownValueFromTable(FADGenericPage.java:312)&#13;
pageobjects.IRIS.FAD.GeneralLedgerEntryPage.setAccountNumberFromGLDistributionTable(GeneralLedgerEntryPage.java:31)&#13;
steps.IRIS.FAD.GeneralLedgerEntrySteps.when_I_set_the_Account_Number(GeneralLedgerEntrySteps.java:40)&#13;
org.icrc.fadapplic.IRIS.FAD.GeneralLedger.GeneralLedgerEntries.createGeneralLedgerEntryUsingSustainabilityAccounts(GeneralLedgerEntries.java:147)&#13;
</system-err></testcase><testcase classname="org.icrc.fadapplic.IRIS.FAD.GeneralLedger.GeneralLedgerEntries" name="Create general ledger entry"><error message="The following error occurred: unknown error: net::ERR_NAME_NOT_RESOLVED&#10;  (Session info: headless chrome=119.0.6045.160)&#10;Build info: version: '3.141.59', revision: 'e82be7d358', time: '2018-11-14T08:17:03'&#10;System info: host: 'PCS15848', ip: '192.168.55.102', os.name: 'Windows 10', os.arch: 'amd64', os.version: '10.0', java.version: '1.8.0_392'&#10;Driver info: org.openqa.selenium.chrome.ChromeDriver&#10;Capabilities {acceptInsecureCerts: false, browserName: chrome, browserVersion: 119.0.6045.160, chrome: {chromedriverVersion: 119.0.6045.105 (38c72552c5e..., userDataDir: C:\Users\A734509\AppData\Lo...}, fedcm:accounts: true, goog:chromeOptions: {debuggerAddress: localhost:53996}, javascriptEnabled: true, networkConnectionEnabled: false, pageLoadStrategy: normal, platform: WINDOWS, platformName: WINDOWS, proxy: Proxy(), setWindowRect: true, strictFileInteractability: false, timeouts: {implicit: 0, pageLoad: 300000, script: 30000}, unhandledPromptBehavior: dismiss and notify, webauthn:extension:credBlob: true, webauthn:extension:largeBlob: true, webauthn:extension:minPinLength: true, webauthn:extension:prf: true, webauthn:virtualAuthenticators: true}&#10;Session ID: 82cbc68f2f9bfd32f7178a436d800ede" type="org.openqa.selenium.WebDriverException">The following error occurred: unknown error: net::ERR_NAME_NOT_RESOLVED
  (Session info: headless chrome=119.0.6045.160)
Build info: version: '3.141.59', revision: 'e82be7d358', time: '2018-11-14T08:17:03'
System info: host: 'PCS15848', ip: '192.168.55.102', os.name: 'Windows 10', os.arch: 'amd64', os.version: '10.0', java.version: '1.8.0_392'
Driver info: org.openqa.selenium.chrome.ChromeDriver
Capabilities {acceptInsecureCerts: false, browserName: chrome, browserVersion: 119.0.6045.160, chrome: {chromedriverVersion: 119.0.6045.105 (38c72552c5e..., userDataDir: C:\Users\A734509\AppData\Lo...}, fedcm:accounts: true, goog:chromeOptions: {debuggerAddress: localhost:53996}, javascriptEnabled: true, networkConnectionEnabled: false, pageLoadStrategy: normal, platform: WINDOWS, platformName: WINDOWS, proxy: Proxy(), setWindowRect: true, strictFileInteractability: false, timeouts: {implicit: 0, pageLoad: 300000, script: 30000}, unhandledPromptBehavior: dismiss and notify, webauthn:extension:credBlob: true, webauthn:extension:largeBlob: true, webauthn:extension:minPinLength: true, webauthn:extension:prf: true, webauthn:virtualAuthenticators: true}
Session ID: 82cbc68f2f9bfd32f7178a436d800ede</error><system-err>The following error occurred: unknown error: net::ERR_NAME_NOT_RESOLVED
  (Session info: headless chrome=119.0.6045.160)
Build info: version: '3.141.59', revision: 'e82be7d358', time: '2018-11-14T08:17:03'
System info: host: 'PCS15848', ip: '192.168.55.102', os.name: 'Windows 10', os.arch: 'amd64', os.version: '10.0', java.version: '1.8.0_392'
Driver info: org.openqa.selenium.chrome.ChromeDriver
Capabilities {acceptInsecureCerts: false, browserName: chrome, browserVersion: 119.0.6045.160, chrome: {chromedriverVersion: 119.0.6045.105 (38c72552c5e..., userDataDir: C:\Users\A734509\AppData\Lo...}, fedcm:accounts: true, goog:chromeOptions: {debuggerAddress: localhost:53996}, javascriptEnabled: true, networkConnectionEnabled: false, pageLoadStrategy: normal, platform: WINDOWS, platformName: WINDOWS, proxy: Proxy(), setWindowRect: true, strictFileInteractability: false, timeouts: {implicit: 0, pageLoad: 300000, script: 30000}, unhandledPromptBehavior: dismiss and notify, webauthn:extension:credBlob: true, webauthn:extension:largeBlob: true, webauthn:extension:minPinLength: true, webauthn:extension:prf: true, webauthn:virtualAuthenticators: true}
Session ID: 82cbc68f2f9bfd32f7178a436d800ede&#13;
pageobjects.IRIS.FAD.GenericPage.openUrl(GenericPage.java:50)&#13;
steps.IRIS.FAD.FADGenericSteps.when_I_open_FAD_URL(FADGenericSteps.java:16)&#13;
steps.IRIS.FAD.GeneralLedgerEntrySteps.given_that_im_logged_in_to_general_ledger_entry_page(GeneralLedgerEntrySteps.java:17)&#13;
org.icrc.fadapplic.IRIS.FAD.GeneralLedger.GeneralLedgerEntries.createGeneralLedgerEntry(GeneralLedgerEntries.java:300)&#13;
</system-err></testcase></testsuite>