<?xml version="1.0" encoding="UTF-8"?><testsuite errors="2" failures="0" name="org.icrc.fadapplic.IRIS.FAD.AccountsPayable.SupplierCreation" skipped="0" tests="6" time="431.35" timestamp="2023-11-15 05:47:03"><testcase classname="org.icrc.fadapplic.IRIS.FAD.AccountsPayable.SupplierCreation" name="View a supplier"/><testcase classname="org.icrc.fadapplic.IRIS.FAD.AccountsPayable.SupplierCreation" name="Edit a supplier"><error message="no such element: Unable to locate element: {&quot;method&quot;:&quot;xpath&quot;,&quot;selector&quot;:&quot;/html/body/div[1]/div/div[3]/div/div/div[2]/div[1]/div[2]/div[2]/div/div[6]/div/button/div/div/span | /html/body/div[1]/div/div[3]/div[2]/div/div/div[2]/div/div[1]/div[2]/div[2]/div/div[2]/div/button/div/div/span&quot;}&#10;  (Session info: headless chrome=119.0.6045.124)&#10;For documentation on this error, please visit: https://www.seleniumhq.org/exceptions/no_such_element.html&#10;Build info: version: '3.141.59', revision: 'e82be7d358', time: '2018-11-14T08:17:03'&#10;System info: host: 'PCS15848', ip: '192.168.55.102', os.name: 'Windows 10', os.arch: 'amd64', os.version: '10.0', java.version: '1.8.0_392'&#10;Driver info: org.openqa.selenium.chrome.ChromeDriver&#10;Capabilities {acceptInsecureCerts: false, browserName: chrome, browserVersion: 119.0.6045.124, chrome: {chromedriverVersion: 119.0.6045.105 (38c72552c5e..., userDataDir: C:\Users\A734509\AppData\Lo...}, fedcm:accounts: true, goog:chromeOptions: {debuggerAddress: localhost:65108}, javascriptEnabled: true, networkConnectionEnabled: false, pageLoadStrategy: normal, platform: WINDOWS, platformName: WINDOWS, proxy: Proxy(), setWindowRect: true, strictFileInteractability: false, timeouts: {implicit: 0, pageLoad: 300000, script: 30000}, unhandledPromptBehavior: dismiss and notify, webauthn:extension:credBlob: true, webauthn:extension:largeBlob: true, webauthn:extension:minPinLength: true, webauthn:extension:prf: true, webauthn:virtualAuthenticators: true}&#10;Session ID: 7df7fb7dd817a911ef668bb66d54b4a5&#10;*** Element info: {Using=xpath, value=/html/body/div[1]/div/div[3]/div/div/div[2]/div[1]/div[2]/div[2]/div/div[6]/div/button/div/div/span | /html/body/div[1]/div/div[3]/div[2]/div/div/div[2]/div/div[1]/div[2]/div[2]/div/div[2]/div/button/div/div/span}" type="org.openqa.selenium.NoSuchElementException">no such element: Unable to locate element: {"method":"xpath","selector":"/html/body/div[1]/div/div[3]/div/div/div[2]/div[1]/div[2]/div[2]/div/div[6]/div/button/div/div/span | /html/body/div[1]/div/div[3]/div[2]/div/div/div[2]/div/div[1]/div[2]/div[2]/div/div[2]/div/button/div/div/span"}
  (Session info: headless chrome=119.0.6045.124)
For documentation on this error, please visit: https://www.seleniumhq.org/exceptions/no_such_element.html
Build info: version: '3.141.59', revision: 'e82be7d358', time: '2018-11-14T08:17:03'
System info: host: 'PCS15848', ip: '192.168.55.102', os.name: 'Windows 10', os.arch: 'amd64', os.version: '10.0', java.version: '1.8.0_392'
Driver info: org.openqa.selenium.chrome.ChromeDriver
Capabilities {acceptInsecureCerts: false, browserName: chrome, browserVersion: 119.0.6045.124, chrome: {chromedriverVersion: 119.0.6045.105 (38c72552c5e..., userDataDir: C:\Users\A734509\AppData\Lo...}, fedcm:accounts: true, goog:chromeOptions: {debuggerAddress: localhost:65108}, javascriptEnabled: true, networkConnectionEnabled: false, pageLoadStrategy: normal, platform: WINDOWS, platformName: WINDOWS, proxy: Proxy(), setWindowRect: true, strictFileInteractability: false, timeouts: {implicit: 0, pageLoad: 300000, script: 30000}, unhandledPromptBehavior: dismiss and notify, webauthn:extension:credBlob: true, webauthn:extension:largeBlob: true, webauthn:extension:minPinLength: true, webauthn:extension:prf: true, webauthn:virtualAuthenticators: true}
Session ID: 7df7fb7dd817a911ef668bb66d54b4a5
*** Element info: {Using=xpath, value=/html/body/div[1]/div/div[3]/div/div/div[2]/div[1]/div[2]/div[2]/div/div[6]/div/button/div/div/span | /html/body/div[1]/div/div[3]/div[2]/div/div/div[2]/div/div[1]/div[2]/div[2]/div/div[2]/div/button/div/div/span}</error><system-err>no such element: Unable to locate element: {"method":"xpath","selector":"/html/body/div[1]/div/div[3]/div/div/div[2]/div[1]/div[2]/div[2]/div/div[6]/div/button/div/div/span | /html/body/div[1]/div/div[3]/div[2]/div/div/div[2]/div/div[1]/div[2]/div[2]/div/div[2]/div/button/div/div/span"}
  (Session info: headless chrome=119.0.6045.124)
For documentation on this error, please visit: https://www.seleniumhq.org/exceptions/no_such_element.html
Build info: version: '3.141.59', revision: 'e82be7d358', time: '2018-11-14T08:17:03'
System info: host: 'PCS15848', ip: '192.168.55.102', os.name: 'Windows 10', os.arch: 'amd64', os.version: '10.0', java.version: '1.8.0_392'
Driver info: org.openqa.selenium.chrome.ChromeDriver
Capabilities {acceptInsecureCerts: false, browserName: chrome, browserVersion: 119.0.6045.124, chrome: {chromedriverVersion: 119.0.6045.105 (38c72552c5e..., userDataDir: C:\Users\A734509\AppData\Lo...}, fedcm:accounts: true, goog:chromeOptions: {debuggerAddress: localhost:65108}, javascriptEnabled: true, networkConnectionEnabled: false, pageLoadStrategy: normal, platform: WINDOWS, platformName: WINDOWS, proxy: Proxy(), setWindowRect: true, strictFileInteractability: false, timeouts: {implicit: 0, pageLoad: 300000, script: 30000}, unhandledPromptBehavior: dismiss and notify, webauthn:extension:credBlob: true, webauthn:extension:largeBlob: true, webauthn:extension:minPinLength: true, webauthn:extension:prf: true, webauthn:virtualAuthenticators: true}
Session ID: 7df7fb7dd817a911ef668bb66d54b4a5
*** Element info: {Using=xpath, value=/html/body/div[1]/div/div[3]/div/div/div[2]/div[1]/div[2]/div[2]/div/div[6]/div/button/div/div/span | /html/body/div[1]/div/div[3]/div[2]/div/div/div[2]/div/div[1]/div[2]/div[2]/div/div[2]/div/button/div/div/span}&#13;
pageobjects.IRIS.FAD.GenericPage.scrollIntoView(GenericPage.java:315)&#13;
pageobjects.IRIS.FAD.GenericPage.clickElement(GenericPage.java:197)&#13;
pageobjects.IRIS.FAD.FADGenericPage.clickOnAccordionContinueBtn(FADGenericPage.java:426)&#13;
steps.IRIS.FAD.SupplierCreationSteps.when_I_click_Accordion_Continue_Button(SupplierCreationSteps.java:43)&#13;
org.icrc.fadapplic.IRIS.FAD.AccountsPayable.SupplierCreation.editASupplier(SupplierCreation.java:428)&#13;
</system-err></testcase><testcase classname="org.icrc.fadapplic.IRIS.FAD.AccountsPayable.SupplierCreation" name="Payment terms update"/><testcase classname="org.icrc.fadapplic.IRIS.FAD.AccountsPayable.SupplierCreation" name="Search a supplier"/><testcase classname="org.icrc.fadapplic.IRIS.FAD.AccountsPayable.SupplierCreation" name="Validate or deactivate a supplier"/><testcase classname="org.icrc.fadapplic.IRIS.FAD.AccountsPayable.SupplierCreation" name="Supplier and supplier master creation"><error message="no such element: Unable to locate element: {&quot;method&quot;:&quot;xpath&quot;,&quot;selector&quot;:&quot;/html/body/div[1]/div/div[3]/div/div/div[2]/div[1]/div[2]/div[2]/div/div[6]/div/button/div/div/span | /html/body/div[1]/div/div[3]/div[2]/div/div/div[2]/div/div[1]/div[2]/div[2]/div/div[2]/div/button/div/div/span&quot;}&#10;  (Session info: headless chrome=119.0.6045.124)&#10;For documentation on this error, please visit: https://www.seleniumhq.org/exceptions/no_such_element.html&#10;Build info: version: '3.141.59', revision: 'e82be7d358', time: '2018-11-14T08:17:03'&#10;System info: host: 'PCS15848', ip: '192.168.55.102', os.name: 'Windows 10', os.arch: 'amd64', os.version: '10.0', java.version: '1.8.0_392'&#10;Driver info: org.openqa.selenium.chrome.ChromeDriver&#10;Capabilities {acceptInsecureCerts: false, browserName: chrome, browserVersion: 119.0.6045.124, chrome: {chromedriverVersion: 119.0.6045.105 (38c72552c5e..., userDataDir: C:\Users\A734509\AppData\Lo...}, fedcm:accounts: true, goog:chromeOptions: {debuggerAddress: localhost:65304}, javascriptEnabled: true, networkConnectionEnabled: false, pageLoadStrategy: normal, platform: WINDOWS, platformName: WINDOWS, proxy: Proxy(), setWindowRect: true, strictFileInteractability: false, timeouts: {implicit: 0, pageLoad: 300000, script: 30000}, unhandledPromptBehavior: dismiss and notify, webauthn:extension:credBlob: true, webauthn:extension:largeBlob: true, webauthn:extension:minPinLength: true, webauthn:extension:prf: true, webauthn:virtualAuthenticators: true}&#10;Session ID: 3206a1c6ea48865e847caeef35e1d228&#10;*** Element info: {Using=xpath, value=/html/body/div[1]/div/div[3]/div/div/div[2]/div[1]/div[2]/div[2]/div/div[6]/div/button/div/div/span | /html/body/div[1]/div/div[3]/div[2]/div/div/div[2]/div/div[1]/div[2]/div[2]/div/div[2]/div/button/div/div/span}" type="org.openqa.selenium.NoSuchElementException">no such element: Unable to locate element: {"method":"xpath","selector":"/html/body/div[1]/div/div[3]/div/div/div[2]/div[1]/div[2]/div[2]/div/div[6]/div/button/div/div/span | /html/body/div[1]/div/div[3]/div[2]/div/div/div[2]/div/div[1]/div[2]/div[2]/div/div[2]/div/button/div/div/span"}
  (Session info: headless chrome=119.0.6045.124)
For documentation on this error, please visit: https://www.seleniumhq.org/exceptions/no_such_element.html
Build info: version: '3.141.59', revision: 'e82be7d358', time: '2018-11-14T08:17:03'
System info: host: 'PCS15848', ip: '192.168.55.102', os.name: 'Windows 10', os.arch: 'amd64', os.version: '10.0', java.version: '1.8.0_392'
Driver info: org.openqa.selenium.chrome.ChromeDriver
Capabilities {acceptInsecureCerts: false, browserName: chrome, browserVersion: 119.0.6045.124, chrome: {chromedriverVersion: 119.0.6045.105 (38c72552c5e..., userDataDir: C:\Users\A734509\AppData\Lo...}, fedcm:accounts: true, goog:chromeOptions: {debuggerAddress: localhost:65304}, javascriptEnabled: true, networkConnectionEnabled: false, pageLoadStrategy: normal, platform: WINDOWS, platformName: WINDOWS, proxy: Proxy(), setWindowRect: true, strictFileInteractability: false, timeouts: {implicit: 0, pageLoad: 300000, script: 30000}, unhandledPromptBehavior: dismiss and notify, webauthn:extension:credBlob: true, webauthn:extension:largeBlob: true, webauthn:extension:minPinLength: true, webauthn:extension:prf: true, webauthn:virtualAuthenticators: true}
Session ID: 3206a1c6ea48865e847caeef35e1d228
*** Element info: {Using=xpath, value=/html/body/div[1]/div/div[3]/div/div/div[2]/div[1]/div[2]/div[2]/div/div[6]/div/button/div/div/span | /html/body/div[1]/div/div[3]/div[2]/div/div/div[2]/div/div[1]/div[2]/div[2]/div/div[2]/div/button/div/div/span}</error><system-err>no such element: Unable to locate element: {"method":"xpath","selector":"/html/body/div[1]/div/div[3]/div/div/div[2]/div[1]/div[2]/div[2]/div/div[6]/div/button/div/div/span | /html/body/div[1]/div/div[3]/div[2]/div/div/div[2]/div/div[1]/div[2]/div[2]/div/div[2]/div/button/div/div/span"}
  (Session info: headless chrome=119.0.6045.124)
For documentation on this error, please visit: https://www.seleniumhq.org/exceptions/no_such_element.html
Build info: version: '3.141.59', revision: 'e82be7d358', time: '2018-11-14T08:17:03'
System info: host: 'PCS15848', ip: '192.168.55.102', os.name: 'Windows 10', os.arch: 'amd64', os.version: '10.0', java.version: '1.8.0_392'
Driver info: org.openqa.selenium.chrome.ChromeDriver
Capabilities {acceptInsecureCerts: false, browserName: chrome, browserVersion: 119.0.6045.124, chrome: {chromedriverVersion: 119.0.6045.105 (38c72552c5e..., userDataDir: C:\Users\A734509\AppData\Lo...}, fedcm:accounts: true, goog:chromeOptions: {debuggerAddress: localhost:65304}, javascriptEnabled: true, networkConnectionEnabled: false, pageLoadStrategy: normal, platform: WINDOWS, platformName: WINDOWS, proxy: Proxy(), setWindowRect: true, strictFileInteractability: false, timeouts: {implicit: 0, pageLoad: 300000, script: 30000}, unhandledPromptBehavior: dismiss and notify, webauthn:extension:credBlob: true, webauthn:extension:largeBlob: true, webauthn:extension:minPinLength: true, webauthn:extension:prf: true, webauthn:virtualAuthenticators: true}
Session ID: 3206a1c6ea48865e847caeef35e1d228
*** Element info: {Using=xpath, value=/html/body/div[1]/div/div[3]/div/div/div[2]/div[1]/div[2]/div[2]/div/div[6]/div/button/div/div/span | /html/body/div[1]/div/div[3]/div[2]/div/div/div[2]/div/div[1]/div[2]/div[2]/div/div[2]/div/button/div/div/span}&#13;
pageobjects.IRIS.FAD.GenericPage.scrollIntoView(GenericPage.java:315)&#13;
pageobjects.IRIS.FAD.GenericPage.clickElement(GenericPage.java:197)&#13;
pageobjects.IRIS.FAD.FADGenericPage.clickOnAccordionContinueBtn(FADGenericPage.java:426)&#13;
steps.IRIS.FAD.SupplierCreationSteps.when_I_click_Accordion_Continue_Button(SupplierCreationSteps.java:43)&#13;
org.icrc.fadapplic.IRIS.FAD.AccountsPayable.SupplierCreation.supplierAndSupplierMasterCreation(SupplierCreation.java:339)&#13;
</system-err></testcase></testsuite>